Info: Starting: Create block symbol file (.bsf)
Info: qsys-generate C:\Users\joaot\Desktop\Tese\0_thesis\ada_hsmc\hps.qsys --block-symbol-file --output-directory=C:\Users\joaot\Desktop\Tese\0_thesis\ada_hsmc\hps --family="Cyclone V" --part=5CSXFC6D6F31C6
Progress: Loading ada_hsmc/hps.qsys
Progress: Reading input file
Progress: Adding clk_0 [clock_source 22.1]
Progress: Parameterizing module clk_0
Progress: Adding data_in_cumsum [altera_avalon_pio 22.1]
Progress: Parameterizing module data_in_cumsum
Progress: Adding data_in_exptime [altera_avalon_pio 22.1]
Progress: Parameterizing module data_in_exptime
Progress: Adding data_in_readbuffer [altera_avalon_pio 22.1]
Progress: Parameterizing module data_in_readbuffer
Progress: Adding data_in_samples [altera_avalon_pio 22.1]
Progress: Parameterizing module data_in_samples
Progress: Adding data_in_trigger [altera_avalon_pio 22.1]
Progress: Parameterizing module data_in_trigger
Progress: Adding data_out_readpointer [altera_avalon_pio 22.1]
Progress: Parameterizing module data_out_readpointer
Progress: Adding hps_0 [altera_hps 22.1]
Progress: Parameterizing module hps_0
Progress: Adding led [altera_avalon_pio 22.1]
Progress: Parameterizing module led
Progress: Building connections
Progress: Parameterizing connections
Progress: Validating
Progress: Done reading input file
Info: hps.data_in_cumsum: PIO inputs are not hardwired in test bench. Undefined values will be read from PIO inputs during simulation.
Info: hps.data_in_exptime: PIO inputs are not hardwired in test bench. Undefined values will be read from PIO inputs during simulation.
Info: hps.data_in_readbuffer: PIO inputs are not hardwired in test bench. Undefined values will be read from PIO inputs during simulation.
Info: hps.data_in_samples: PIO inputs are not hardwired in test bench. Undefined values will be read from PIO inputs during simulation.
Info: hps.data_in_trigger: PIO inputs are not hardwired in test bench. Undefined values will be read from PIO inputs during simulation.
Info: hps.hps_0: HPS Main PLL counter settings: n = 0  m = 73
Info: hps.hps_0: HPS peripherial PLL counter settings: n = 0  m = 39
Warning: hps.hps_0: "Configuration/HPS-to-FPGA user 0 clock frequency" (desired_cfg_clk_mhz) requested 100.0 MHz, but only achieved 97.368421 MHz
Warning: hps.hps_0: 1 or more output clock frequencies cannot be achieved precisely, consider revising desired output clock frequencies.
Info: qsys-generate succeeded.
Info: Finished: Create block symbol file (.bsf)
Info: 
Info: Starting: Create HDL design files for synthesis
Info: qsys-generate C:\Users\joaot\Desktop\Tese\0_thesis\ada_hsmc\hps.qsys --synthesis=VERILOG --output-directory=C:\Users\joaot\Desktop\Tese\0_thesis\ada_hsmc\hps\synthesis --family="Cyclone V" --part=5CSXFC6D6F31C6
Progress: Loading ada_hsmc/hps.qsys
Progress: Reading input file
Progress: Adding clk_0 [clock_source 22.1]
Progress: Parameterizing module clk_0
Progress: Adding data_in_cumsum [altera_avalon_pio 22.1]
Progress: Parameterizing module data_in_cumsum
Progress: Adding data_in_exptime [altera_avalon_pio 22.1]
Progress: Parameterizing module data_in_exptime
Progress: Adding data_in_readbuffer [altera_avalon_pio 22.1]
Progress: Parameterizing module data_in_readbuffer
Progress: Adding data_in_samples [altera_avalon_pio 22.1]
Progress: Parameterizing module data_in_samples
Progress: Adding data_in_trigger [altera_avalon_pio 22.1]
Progress: Parameterizing module data_in_trigger
Progress: Adding data_out_readpointer [altera_avalon_pio 22.1]
Progress: Parameterizing module data_out_readpointer
Progress: Adding hps_0 [altera_hps 22.1]
Progress: Parameterizing module hps_0
Progress: Adding led [altera_avalon_pio 22.1]
Progress: Parameterizing module led
Progress: Building connections
Progress: Parameterizing connections
Progress: Validating
Progress: Done reading input file
Info: hps.data_in_cumsum: PIO inputs are not hardwired in test bench. Undefined values will be read from PIO inputs during simulation.
Info: hps.data_in_exptime: PIO inputs are not hardwired in test bench. Undefined values will be read from PIO inputs during simulation.
Info: hps.data_in_readbuffer: PIO inputs are not hardwired in test bench. Undefined values will be read from PIO inputs during simulation.
Info: hps.data_in_samples: PIO inputs are not hardwired in test bench. Undefined values will be read from PIO inputs during simulation.
Info: hps.data_in_trigger: PIO inputs are not hardwired in test bench. Undefined values will be read from PIO inputs during simulation.
Info: hps.hps_0: HPS Main PLL counter settings: n = 0  m = 73
Info: hps.hps_0: HPS peripherial PLL counter settings: n = 0  m = 39
Warning: hps.hps_0: "Configuration/HPS-to-FPGA user 0 clock frequency" (desired_cfg_clk_mhz) requested 100.0 MHz, but only achieved 97.368421 MHz
Warning: hps.hps_0: 1 or more output clock frequencies cannot be achieved precisely, consider revising desired output clock frequencies.
Info: hps: Generating hps "hps" for QUARTUS_SYNTH
Info: data_in_cumsum: Starting RTL generation for module 'hps_data_in_cumsum'
Info: data_in_cumsum:   Generation command is [exec C:/intelfpga_lite/22.1std/quartus/bin64/perl/bin/perl.exe -I C:/intelfpga_lite/22.1std/quartus/bin64/perl/lib -I C:/intelfpga_lite/22.1std/quartus/sopc_builder/bin/europa -I C:/intelfpga_lite/22.1std/quartus/sopc_builder/bin -I C:/intelfpga_lite/22.1std/quartus/../ip/altera/sopc_builder_ip/common -I C:/intelfpga_lite/22.1std/quartus/../ip/altera/sopc_builder_ip/altera_avalon_pio -- C:/intelfpga_lite/22.1std/quartus/../ip/altera/sopc_builder_ip/altera_avalon_pio/generate_rtl.pl --name=hps_data_in_cumsum --dir=C:/Users/joaot/AppData/Local/Temp/alt9548_227822018861376378.dir/0002_data_in_cumsum_gen/ --quartus_dir=C:/intelfpga_lite/22.1std/quartus --verilog --config=C:/Users/joaot/AppData/Local/Temp/alt9548_227822018861376378.dir/0002_data_in_cumsum_gen//hps_data_in_cumsum_component_configuration.pl  --do_build_sim=0  ]
Info: data_in_cumsum: Done RTL generation for module 'hps_data_in_cumsum'
Info: data_in_cumsum: "hps" instantiated altera_avalon_pio "data_in_cumsum"
Info: data_out_readpointer: Starting RTL generation for module 'hps_data_out_readpointer'
Info: data_out_readpointer:   Generation command is [exec C:/intelfpga_lite/22.1std/quartus/bin64/perl/bin/perl.exe -I C:/intelfpga_lite/22.1std/quartus/bin64/perl/lib -I C:/intelfpga_lite/22.1std/quartus/sopc_builder/bin/europa -I C:/intelfpga_lite/22.1std/quartus/sopc_builder/bin -I C:/intelfpga_lite/22.1std/quartus/../ip/altera/sopc_builder_ip/common -I C:/intelfpga_lite/22.1std/quartus/../ip/altera/sopc_builder_ip/altera_avalon_pio -- C:/intelfpga_lite/22.1std/quartus/../ip/altera/sopc_builder_ip/altera_avalon_pio/generate_rtl.pl --name=hps_data_out_readpointer --dir=C:/Users/joaot/AppData/Local/Temp/alt9548_227822018861376378.dir/0003_data_out_readpointer_gen/ --quartus_dir=C:/intelfpga_lite/22.1std/quartus --verilog --config=C:/Users/joaot/AppData/Local/Temp/alt9548_227822018861376378.dir/0003_data_out_readpointer_gen//hps_data_out_readpointer_component_configuration.pl  --do_build_sim=0  ]
Info: data_out_readpointer: Done RTL generation for module 'hps_data_out_readpointer'
Info: data_out_readpointer: "hps" instantiated altera_avalon_pio "data_out_readpointer"
Info: hps_0: "Running  for module: hps_0"
Info: hps_0: HPS Main PLL counter settings: n = 0  m = 73
Info: hps_0: HPS peripherial PLL counter settings: n = 0  m = 39
Warning: hps_0: "Configuration/HPS-to-FPGA user 0 clock frequency" (desired_cfg_clk_mhz) requested 100.0 MHz, but only achieved 97.368421 MHz
Warning: hps_0: 1 or more output clock frequencies cannot be achieved precisely, consider revising desired output clock frequencies.
Info: hps_0: "hps" instantiated altera_hps "hps_0"
Info: led: Starting RTL generation for module 'hps_led'
Info: led:   Generation command is [exec C:/intelfpga_lite/22.1std/quartus/bin64/perl/bin/perl.exe -I C:/intelfpga_lite/22.1std/quartus/bin64/perl/lib -I C:/intelfpga_lite/22.1std/quartus/sopc_builder/bin/europa -I C:/intelfpga_lite/22.1std/quartus/sopc_builder/bin -I C:/intelfpga_lite/22.1std/quartus/../ip/altera/sopc_builder_ip/common -I C:/intelfpga_lite/22.1std/quartus/../ip/altera/sopc_builder_ip/altera_avalon_pio -- C:/intelfpga_lite/22.1std/quartus/../ip/altera/sopc_builder_ip/altera_avalon_pio/generate_rtl.pl --name=hps_led --dir=C:/Users/joaot/AppData/Local/Temp/alt9548_227822018861376378.dir/0004_led_gen/ --quartus_dir=C:/intelfpga_lite/22.1std/quartus --verilog --config=C:/Users/joaot/AppData/Local/Temp/alt9548_227822018861376378.dir/0004_led_gen//hps_led_component_configuration.pl  --do_build_sim=0  ]
Info: led: Done RTL generation for module 'hps_led'
Info: led: "hps" instantiated altera_avalon_pio "led"
Info: avalon_st_adapter: Inserting error_adapter: error_adapter_0
Info: avalon_st_adapter_001: Inserting error_adapter: error_adapter_0
Info: avalon_st_adapter_002: Inserting error_adapter: error_adapter_0
Info: avalon_st_adapter_003: Inserting error_adapter: error_adapter_0
Info: avalon_st_adapter_004: Inserting error_adapter: error_adapter_0
Info: avalon_st_adapter_005: Inserting error_adapter: error_adapter_0
Info: avalon_st_adapter_006: Inserting error_adapter: error_adapter_0
Info: mm_interconnect_0: "hps" instantiated altera_mm_interconnect "mm_interconnect_0"
Info: rst_controller: "hps" instantiated altera_reset_controller "rst_controller"
Info: fpga_interfaces: "hps_0" instantiated altera_interface_generator "fpga_interfaces"
Info: hps_io: "hps_0" instantiated altera_hps_io "hps_io"
Info: led_s1_translator: "mm_interconnect_0" instantiated altera_merlin_slave_translator "led_s1_translator"
Info: hps_0_h2f_lw_axi_master_agent: "mm_interconnect_0" instantiated altera_merlin_axi_master_ni "hps_0_h2f_lw_axi_master_agent"
Info: led_s1_agent: "mm_interconnect_0" instantiated altera_merlin_slave_agent "led_s1_agent"
Info: led_s1_agent_rsp_fifo: "mm_interconnect_0" instantiated altera_avalon_sc_fifo "led_s1_agent_rsp_fifo"
Info: router: "mm_interconnect_0" instantiated altera_merlin_router "router"
Info: router_002: "mm_interconnect_0" instantiated altera_merlin_router "router_002"
Info: hps_0_h2f_lw_axi_master_wr_limiter: "mm_interconnect_0" instantiated altera_merlin_traffic_limiter "hps_0_h2f_lw_axi_master_wr_limiter"
Info: Reusing file C:/Users/joaot/Desktop/Tese/0_thesis/ada_hsmc/hps/synthesis/submodules/altera_avalon_sc_fifo.v
Info: led_s1_burst_adapter: "mm_interconnect_0" instantiated altera_merlin_burst_adapter "led_s1_burst_adapter"
Info: Reusing file C:/Users/joaot/Desktop/Tese/0_thesis/ada_hsmc/hps/synthesis/submodules/altera_merlin_address_alignment.sv
Info: Reusing file C:/Users/joaot/Desktop/Tese/0_thesis/ada_hsmc/hps/synthesis/submodules/altera_avalon_st_pipeline_base.v
Info: cmd_demux: "mm_interconnect_0" instantiated altera_merlin_demultiplexer "cmd_demux"
Info: cmd_mux: "mm_interconnect_0" instantiated altera_merlin_multiplexer "cmd_mux"
Info: rsp_demux: "mm_interconnect_0" instantiated altera_merlin_demultiplexer "rsp_demux"
Info: rsp_mux: "mm_interconnect_0" instantiated altera_merlin_multiplexer "rsp_mux"
Info: Reusing file C:/Users/joaot/Desktop/Tese/0_thesis/ada_hsmc/hps/synthesis/submodules/altera_merlin_arbitrator.sv
Info: avalon_st_adapter: "mm_interconnect_0" instantiated altera_avalon_st_adapter "avalon_st_adapter"
Info: border: "hps_io" instantiated altera_interface_generator "border"
Info: error_adapter_0: "avalon_st_adapter" instantiated error_adapter "error_adapter_0"
Info: hps: Done "hps" with 24 modules, 81 files
Info: qsys-generate succeeded.
Info: Finished: Create HDL design files for synthesis
